[INFO ] 2022-11-28 14:05:31.791 [main] AirlineApplication - Starting AirlineApplication using Java 17.0.2 on DESKTOP-NAIKK0B with PID 14640 (C:\Users\happy\Desktop\JM\Kata\PP\p_dp_airline_1\target\classes started by happy in C:\Users\happy\Desktop\JM\Kata\PP\p_dp_airline_1)
[INFO ] 2022-11-28 14:05:31.801 [main] AirlineApplication - The following profiles are active: dev,prod
[INFO ] 2022-11-28 14:49:31.263 [main] AirlineApplication - Starting AirlineApplication using Java 17.0.2 on DESKTOP-NAIKK0B with PID 13220 (C:\Users\happy\Desktop\JM\Kata\PP\p_dp_airline_1\target\classes started by happy in C:\Users\happy\Desktop\JM\Kata\PP\p_dp_airline_1)
[INFO ] 2022-11-28 14:49:31.269 [main] AirlineApplication - The following profiles are active: dev,prod
[INFO ] 2022-11-28 15:10:38.392 [main] AirlineApplication - Starting AirlineApplication using Java 17.0.2 on DESKTOP-NAIKK0B with PID 11840 (C:\Users\happy\Desktop\JM\Kata\PP\p_dp_airline_1\target\classes started by happy in C:\Users\happy\Desktop\JM\Kata\PP\p_dp_airline_1)
[INFO ] 2022-11-28 15:10:38.398 [main] AirlineApplication - The following profiles are active: dev,prod
[INFO ] 2022-11-28 15:16:21.888 [main] AirlineApplication - Starting AirlineApplication using Java 17.0.2 on DESKTOP-NAIKK0B with PID 10900 (C:\Users\happy\Desktop\JM\Kata\PP\p_dp_airline_1\target\classes started by happy in C:\Users\happy\Desktop\JM\Kata\PP\p_dp_airline_1)
[INFO ] 2022-11-28 15:16:21.894 [main] AirlineApplication - The following profiles are active: dev,prod
[INFO ] 2022-11-28 15:17:19.257 [main] AirlineApplication - Starting AirlineApplication using Java 17.0.2 on DESKTOP-NAIKK0B with PID 15456 (C:\Users\happy\Desktop\JM\Kata\PP\p_dp_airline_1\target\classes started by happy in C:\Users\happy\Desktop\JM\Kata\PP\p_dp_airline_1)
[INFO ] 2022-11-28 15:17:19.263 [main] AirlineApplication - The following profiles are active: dev,prod
[INFO ] 2022-11-28 15:17:31.841 [main] AirlineApplication - Started AirlineApplication in 13.184 seconds (JVM running for 14.966)
[INFO ] 2022-11-28 15:30:12.051 [main] AirlineApplication - Starting AirlineApplication using Java 17.0.2 on DESKTOP-NAIKK0B with PID 10948 (C:\Users\happy\Desktop\JM\Kata\PP\p_dp_airline_1\target\classes started by happy in C:\Users\happy\Desktop\JM\Kata\PP\p_dp_airline_1)
[INFO ] 2022-11-28 15:30:12.062 [main] AirlineApplication - The following profiles are active: dev,prod
[INFO ] 2022-11-28 15:30:25.284 [main] AirlineApplication - Started AirlineApplication in 13.884 seconds (JVM running for 15.803)
[INFO ] 2022-11-28 15:30:54.650 [main] AirlineApplication - Starting AirlineApplication using Java 17.0.2 on DESKTOP-NAIKK0B with PID 12416 (C:\Users\happy\Desktop\JM\Kata\PP\p_dp_airline_1\target\classes started by happy in C:\Users\happy\Desktop\JM\Kata\PP\p_dp_airline_1)
[INFO ] 2022-11-28 15:30:54.655 [main] AirlineApplication - The following profiles are active: dev,prod
[INFO ] 2022-11-28 15:31:06.899 [main] AirlineApplication - Started AirlineApplication in 12.876 seconds (JVM running for 15.033)
[INFO ] 2022-11-28 16:09:09.239 [main] AirlineApplication - Starting AirlineApplication using Java 17.0.2 on DESKTOP-NAIKK0B with PID 7004 (C:\Users\happy\Desktop\JM\Kata\PP\p_dp_airline_1\target\classes started by happy in C:\Users\happy\Desktop\JM\Kata\PP\p_dp_airline_1)
[INFO ] 2022-11-28 16:09:09.244 [main] AirlineApplication - The following profiles are active: dev,prod
[INFO ] 2022-11-28 16:09:17.194 [main] AirlineApplication - Started AirlineApplication in 8.41 seconds (JVM running for 9.787)
[INFO ] 2022-11-28 16:26:25.634 [http-nio-8080-exec-2] AircraftController - getAllAircraft: all aircraft returned
[INFO ] 2022-11-28 16:26:55.201 [http-nio-8080-exec-6] PassengerRestController - methodName: getAll - find all passengers
[INFO ] 2022-11-29 00:17:44.783 [main] AirlineApplication - Starting AirlineApplication using Java 17.0.2 on DESKTOP-NAIKK0B with PID 15972 (C:\Users\happy\Desktop\JM\Kata\PP\p_dp_airline_1\target\classes started by happy in C:\Users\happy\Desktop\JM\Kata\PP\p_dp_airline_1)
[INFO ] 2022-11-29 00:17:44.788 [main] AirlineApplication - The following profiles are active: dev,prod
[INFO ] 2022-11-29 00:17:52.786 [main] AirlineApplication - Started AirlineApplication in 8.39 seconds (JVM running for 13.877)
[INFO ] 2022-11-30 17:51:47.806 [main] AirlineApplication - Starting AirlineApplication using Java 17.0.2 on DESKTOP-NAIKK0B with PID 17396 (C:\Users\happy\Desktop\JM\Kata\PP\p_dp_airline_1\target\classes started by happy in C:\Users\happy\Desktop\JM\Kata\PP\p_dp_airline_1)
[INFO ] 2022-11-30 17:51:47.815 [main] AirlineApplication - The following profiles are active: dev,prod
[INFO ] 2022-11-30 17:52:00.361 [main] AirlineApplication - Started AirlineApplication in 13.282 seconds (JVM running for 20.783)
[INFO ] 2022-11-30 17:53:00.542 [http-nio-8080-exec-6] UserRestController - methodName: getAllUsers - get all users
[INFO ] 2022-11-30 17:53:21.504 [http-nio-8080-exec-10] UserRestController - methodName: getUserById - get user by id. id = 3
[INFO ] 2022-11-30 17:54:03.776 [http-nio-8080-exec-4] UserRestController - methodName: getUserById - get user by id. id = 1
[INFO ] 2022-11-30 17:54:11.682 [http-nio-8080-exec-8] UserRestController - methodName: getAllUsers - get all users
[INFO ] 2022-11-30 17:59:30.144 [http-nio-8080-exec-7] PassengerRestController - methodName: getAll - find all passengers
[INFO ] 2022-11-30 18:04:38.238 [http-nio-8080-exec-1] MainController - index: logging example
[INFO ] 2022-11-30 18:04:39.271 [http-nio-8080-exec-7] DestinationRestController - getAllDestination: find all destinations
[INFO ] 2022-11-30 18:05:09.802 [http-nio-8080-exec-7] UserRestController - methodName: getAllUsers - get all users
[INFO ] 2022-11-30 18:05:19.217 [http-nio-8080-exec-10] MainController - index: logging example
[INFO ] 2022-11-30 18:05:19.620 [http-nio-8080-exec-7] DestinationRestController - getAllDestination: find all destinations
[INFO ] 2022-11-30 18:07:09.534 [http-nio-8080-exec-4] MainController - index: logging example
[INFO ] 2022-11-30 18:07:09.985 [http-nio-8080-exec-10] DestinationRestController - getAllDestination: find all destinations
[ERROR] 2022-11-30 18:07:15.352 [http-nio-8080-exec-5] SearchRestController - saveSearch: bad request
[ERROR] 2022-11-30 18:07:21.253 [http-nio-8080-exec-4] SearchRestController - saveSearch: bad request
[INFO ] 2022-11-30 18:07:47.110 [http-nio-8080-exec-6] SearchRestController - saveSearch: new search saved with id= 1
[INFO ] 2022-11-30 18:08:26.783 [http-nio-8080-exec-2] MainController - index: logging example
[INFO ] 2022-11-30 18:08:27.199 [http-nio-8080-exec-8] DestinationRestController - getAllDestination: find all destinations
[INFO ] 2022-11-30 18:10:55.365 [http-nio-8080-exec-6] DestinationRestController - getAllDestination: find all destinations
[INFO ] 2022-11-30 18:12:01.881 [http-nio-8080-exec-1] RouteController - getAllRoutes : all routes returned
[INFO ] 2022-11-30 18:14:57.656 [http-nio-8080-exec-5] RouteController - getRouteById : returned route with id=1
[INFO ] 2022-11-30 18:15:00.995 [http-nio-8080-exec-7] RouteController - getAllRoutes : all routes returned
[INFO ] 2022-11-30 18:15:41.202 [http-nio-8080-exec-2] RouteController - getRouteById : returned route with id=2
[INFO ] 2022-11-30 18:15:44.761 [http-nio-8080-exec-5] RouteController - getRouteById : returned route with id=3
[INFO ] 2022-11-30 18:15:49.590 [http-nio-8080-exec-7] RouteController - getAllRoutes : all routes returned
[INFO ] 2022-11-30 19:08:09.936 [http-nio-8080-exec-2] DestinationRestController - getAllDestination: find all destinations
[INFO ] 2022-11-30 19:27:41.063 [main] AirlineApplication - Starting AirlineApplication using Java 17.0.2 on DESKTOP-NAIKK0B with PID 13696 (C:\Users\happy\Desktop\JM\Kata\PP\p_dp_airline_1\target\classes started by happy in C:\Users\happy\Desktop\JM\Kata\PP\p_dp_airline_1)
[INFO ] 2022-11-30 19:27:41.068 [main] AirlineApplication - The following profiles are active: dev,prod
[INFO ] 2022-11-30 19:27:49.343 [main] AirlineApplication - Started AirlineApplication in 8.747 seconds (JVM running for 10.413)
[INFO ] 2022-11-30 20:17:30.231 [main] AirlineApplication - Starting AirlineApplication using Java 17.0.2 on DESKTOP-NAIKK0B with PID 13108 (C:\Users\happy\Desktop\JM\Kata\PP\p_dp_airline_1\target\classes started by happy in C:\Users\happy\Desktop\JM\Kata\PP\p_dp_airline_1)
[INFO ] 2022-11-30 20:17:30.242 [main] AirlineApplication - The following profiles are active: dev,prod
[INFO ] 2022-11-30 20:19:30.510 [main] AirlineApplication - Starting AirlineApplication using Java 17.0.2 on DESKTOP-NAIKK0B with PID 1316 (C:\Users\happy\Desktop\JM\Kata\PP\p_dp_airline_1\target\classes started by happy in C:\Users\happy\Desktop\JM\Kata\PP\p_dp_airline_1)
[INFO ] 2022-11-30 20:19:30.516 [main] AirlineApplication - The following profiles are active: dev,prod
[INFO ] 2022-11-30 20:19:43.187 [main] AirlineApplication - Started AirlineApplication in 13.291 seconds (JVM running for 15.633)
[INFO ] 2022-11-30 20:46:24.481 [main] AirlineApplication - Starting AirlineApplication using Java 17.0.2 on DESKTOP-NAIKK0B with PID 2568 (C:\Users\happy\Desktop\JM\Kata\PP\p_dp_airline_1\target\classes started by happy in C:\Users\happy\Desktop\JM\Kata\PP\p_dp_airline_1)
[INFO ] 2022-11-30 20:46:24.486 [main] AirlineApplication - The following profiles are active: dev,prod
[INFO ] 2022-11-30 20:54:22.206 [main] AirlineApplication - Starting AirlineApplication using Java 17.0.2 on DESKTOP-NAIKK0B with PID 5588 (C:\Users\happy\Desktop\JM\Kata\PP\p_dp_airline_1\target\classes started by happy in C:\Users\happy\Desktop\JM\Kata\PP\p_dp_airline_1)
[INFO ] 2022-11-30 20:54:22.212 [main] AirlineApplication - The following profiles are active: dev,prod
[INFO ] 2022-11-30 20:56:18.098 [main] AirlineApplication - Starting AirlineApplication using Java 17.0.2 on DESKTOP-NAIKK0B with PID 15576 (C:\Users\happy\Desktop\JM\Kata\PP\p_dp_airline_1\target\classes started by happy in C:\Users\happy\Desktop\JM\Kata\PP\p_dp_airline_1)
[INFO ] 2022-11-30 20:56:18.102 [main] AirlineApplication - The following profiles are active: dev,prod
[INFO ] 2022-11-30 20:58:18.125 [main] AirlineApplication - Starting AirlineApplication using Java 17.0.2 on DESKTOP-NAIKK0B with PID 11476 (C:\Users\happy\Desktop\JM\Kata\PP\p_dp_airline_1\target\classes started by happy in C:\Users\happy\Desktop\JM\Kata\PP\p_dp_airline_1)
[INFO ] 2022-11-30 20:58:18.130 [main] AirlineApplication - The following profiles are active: dev,prod
[INFO ] 2022-11-30 20:58:30.621 [main] AirlineApplication - Started AirlineApplication in 13.126 seconds (JVM running for 15.006)
[INFO ] 2022-11-30 21:06:40.668 [main] AirlineApplication - Starting AirlineApplication using Java 17.0.2 on DESKTOP-NAIKK0B with PID 17264 (C:\Users\happy\Desktop\JM\Kata\PP\p_dp_airline_1\target\classes started by happy in C:\Users\happy\Desktop\JM\Kata\PP\p_dp_airline_1)
[INFO ] 2022-11-30 21:06:40.674 [main] AirlineApplication - The following profiles are active: dev,prod
[INFO ] 2022-11-30 21:06:51.951 [main] AirlineApplication - Started AirlineApplication in 11.939 seconds (JVM running for 13.867)
[INFO ] 2022-11-30 21:09:22.889 [main] AirlineApplication - Starting AirlineApplication using Java 17.0.2 on DESKTOP-NAIKK0B with PID 17432 (C:\Users\happy\Desktop\JM\Kata\PP\p_dp_airline_1\target\classes started by happy in C:\Users\happy\Desktop\JM\Kata\PP\p_dp_airline_1)
[INFO ] 2022-11-30 21:09:22.894 [main] AirlineApplication - The following profiles are active: dev,prod
[INFO ] 2022-11-30 21:10:06.276 [main] AirlineApplication - Starting AirlineApplication using Java 17.0.2 on DESKTOP-NAIKK0B with PID 8176 (C:\Users\happy\Desktop\JM\Kata\PP\p_dp_airline_1\target\classes started by happy in C:\Users\happy\Desktop\JM\Kata\PP\p_dp_airline_1)
[INFO ] 2022-11-30 21:10:06.281 [main] AirlineApplication - The following profiles are active: dev,prod
[INFO ] 2022-11-30 21:10:17.506 [main] AirlineApplication - Started AirlineApplication in 11.813 seconds (JVM running for 13.419)
[INFO ] 2022-11-30 21:18:31.676 [main] AirlineApplication - Starting AirlineApplication using Java 17.0.2 on DESKTOP-NAIKK0B with PID 10572 (C:\Users\happy\Desktop\JM\Kata\PP\p_dp_airline_1\target\classes started by happy in C:\Users\happy\Desktop\JM\Kata\PP\p_dp_airline_1)
[INFO ] 2022-11-30 21:18:31.682 [main] AirlineApplication - The following profiles are active: dev,prod
[INFO ] 2022-11-30 21:18:42.768 [main] AirlineApplication - Started AirlineApplication in 11.665 seconds (JVM running for 13.166)
[INFO ] 2022-11-30 21:21:35.105 [main] AirlineApplication - Starting AirlineApplication using Java 17.0.2 on DESKTOP-NAIKK0B with PID 10500 (C:\Users\happy\Desktop\JM\Kata\PP\p_dp_airline_1\target\classes started by happy in C:\Users\happy\Desktop\JM\Kata\PP\p_dp_airline_1)
[INFO ] 2022-11-30 21:21:35.111 [main] AirlineApplication - The following profiles are active: dev,prod
[INFO ] 2022-11-30 21:21:47.494 [main] AirlineApplication - Started AirlineApplication in 12.961 seconds (JVM running for 14.763)
[INFO ] 2022-11-30 21:27:05.472 [main] AirlineApplication - Starting AirlineApplication using Java 17.0.2 on DESKTOP-NAIKK0B with PID 7604 (C:\Users\happy\Desktop\JM\Kata\PP\p_dp_airline_1\target\classes started by happy in C:\Users\happy\Desktop\JM\Kata\PP\p_dp_airline_1)
[INFO ] 2022-11-30 21:27:05.476 [main] AirlineApplication - The following profiles are active: dev,prod
[INFO ] 2022-11-30 21:27:16.526 [main] AirlineApplication - Started AirlineApplication in 11.671 seconds (JVM running for 13.482)
[INFO ] 2022-11-30 21:30:04.061 [main] AirlineApplication - Starting AirlineApplication using Java 17.0.2 on DESKTOP-NAIKK0B with PID 8620 (C:\Users\happy\Desktop\JM\Kata\PP\p_dp_airline_1\target\classes started by happy in C:\Users\happy\Desktop\JM\Kata\PP\p_dp_airline_1)
[INFO ] 2022-11-30 21:30:04.066 [main] AirlineApplication - The following profiles are active: dev,prod
[INFO ] 2022-11-30 21:30:15.632 [main] AirlineApplication - Started AirlineApplication in 12.143 seconds (JVM running for 13.951)
[INFO ] 2022-11-30 21:36:36.421 [main] AirlineApplication - Starting AirlineApplication using Java 17.0.2 on DESKTOP-NAIKK0B with PID 4104 (C:\Users\happy\Desktop\JM\Kata\PP\p_dp_airline_1\target\classes started by happy in C:\Users\happy\Desktop\JM\Kata\PP\p_dp_airline_1)
[INFO ] 2022-11-30 21:36:36.427 [main] AirlineApplication - The following profiles are active: dev,prod
[INFO ] 2022-11-30 21:36:48.827 [main] AirlineApplication - Started AirlineApplication in 13.043 seconds (JVM running for 15.113)
[INFO ] 2022-11-30 21:37:32.826 [main] AirlineApplication - Starting AirlineApplication using Java 17.0.2 on DESKTOP-NAIKK0B with PID 12196 (C:\Users\happy\Desktop\JM\Kata\PP\p_dp_airline_1\target\classes started by happy in C:\Users\happy\Desktop\JM\Kata\PP\p_dp_airline_1)
[INFO ] 2022-11-30 21:37:32.832 [main] AirlineApplication - The following profiles are active: dev,prod
[INFO ] 2022-11-30 21:37:44.318 [main] AirlineApplication - Started AirlineApplication in 12.06 seconds (JVM running for 13.929)
[INFO ] 2022-11-30 21:39:10.054 [main] AirlineApplication - Starting AirlineApplication using Java 17.0.2 on DESKTOP-NAIKK0B with PID 4892 (C:\Users\happy\Desktop\JM\Kata\PP\p_dp_airline_1\target\classes started by happy in C:\Users\happy\Desktop\JM\Kata\PP\p_dp_airline_1)
[INFO ] 2022-11-30 21:39:10.067 [main] AirlineApplication - The following profiles are active: dev,prod
[INFO ] 2022-11-30 21:41:05.097 [main] AirlineApplication - Starting AirlineApplication using Java 17.0.2 on DESKTOP-NAIKK0B with PID 15116 (C:\Users\happy\Desktop\JM\Kata\PP\p_dp_airline_1\target\classes started by happy in C:\Users\happy\Desktop\JM\Kata\PP\p_dp_airline_1)
[INFO ] 2022-11-30 21:41:05.102 [main] AirlineApplication - The following profiles are active: dev,prod
[INFO ] 2022-11-30 21:41:16.301 [main] AirlineApplication - Started AirlineApplication in 11.855 seconds (JVM running for 13.648)
[INFO ] 2022-11-30 21:52:18.120 [main] AirlineApplication - Starting AirlineApplication using Java 17.0.2 on DESKTOP-NAIKK0B with PID 15496 (C:\Users\happy\Desktop\JM\Kata\PP\p_dp_airline_1\target\classes started by happy in C:\Users\happy\Desktop\JM\Kata\PP\p_dp_airline_1)
[INFO ] 2022-11-30 21:52:18.126 [main] AirlineApplication - The following profiles are active: dev,prod
[INFO ] 2022-11-30 21:55:42.446 [main] AirlineApplication - Starting AirlineApplication using Java 17.0.2 on DESKTOP-NAIKK0B with PID 5492 (C:\Users\happy\Desktop\JM\Kata\PP\p_dp_airline_1\target\classes started by happy in C:\Users\happy\Desktop\JM\Kata\PP\p_dp_airline_1)
[INFO ] 2022-11-30 21:55:42.450 [main] AirlineApplication - The following profiles are active: dev,prod
[INFO ] 2022-11-30 21:55:51.328 [main] AirlineApplication - Started AirlineApplication in 9.3 seconds (JVM running for 10.518)
[INFO ] 2022-12-01 00:55:23.605 [main] AirlineApplication - Starting AirlineApplication using Java 17.0.2 on DESKTOP-NAIKK0B with PID 7052 (C:\Users\happy\Desktop\JM\Kata\PP\p_dp_airline_1\target\classes started by happy in C:\Users\happy\Desktop\JM\Kata\PP\p_dp_airline_1)
[INFO ] 2022-12-01 00:55:23.612 [main] AirlineApplication - The following profiles are active: dev,prod
[INFO ] 2022-12-01 00:55:31.409 [main] AirlineApplication - Started AirlineApplication in 8.264 seconds (JVM running for 15.096)
[INFO ] 2022-12-01 00:58:07.478 [main] AirlineApplication - Starting AirlineApplication using Java 17.0.2 on DESKTOP-NAIKK0B with PID 400 (C:\Users\happy\Desktop\JM\Kata\PP\p_dp_airline_1\target\classes started by happy in C:\Users\happy\Desktop\JM\Kata\PP\p_dp_airline_1)
[INFO ] 2022-12-01 00:58:07.483 [main] AirlineApplication - The following profiles are active: dev,prod
[INFO ] 2022-12-01 00:58:16.888 [main] AirlineApplication - Started AirlineApplication in 9.95 seconds (JVM running for 11.541)
[INFO ] 2022-12-01 01:04:39.631 [main] AirlineApplication - Starting AirlineApplication using Java 17.0.2 on DESKTOP-NAIKK0B with PID 16800 (C:\Users\happy\Desktop\JM\Kata\PP\p_dp_airline_1\target\classes started by happy in C:\Users\happy\Desktop\JM\Kata\PP\p_dp_airline_1)
[INFO ] 2022-12-01 01:04:39.637 [main] AirlineApplication - The following profiles are active: dev,prod
[INFO ] 2022-12-01 01:04:51.959 [main] AirlineApplication - Started AirlineApplication in 12.936 seconds (JVM running for 14.688)
[INFO ] 2022-12-01 01:06:32.497 [main] AirlineApplication - Starting AirlineApplication using Java 17.0.2 on DESKTOP-NAIKK0B with PID 3716 (C:\Users\happy\Desktop\JM\Kata\PP\p_dp_airline_1\target\classes started by happy in C:\Users\happy\Desktop\JM\Kata\PP\p_dp_airline_1)
[INFO ] 2022-12-01 01:06:32.503 [main] AirlineApplication - The following profiles are active: dev,prod
[INFO ] 2022-12-01 01:08:13.728 [main] AirlineApplication - Starting AirlineApplication using Java 17.0.2 on DESKTOP-NAIKK0B with PID 17004 (C:\Users\happy\Desktop\JM\Kata\PP\p_dp_airline_1\target\classes started by happy in C:\Users\happy\Desktop\JM\Kata\PP\p_dp_airline_1)
[INFO ] 2022-12-01 01:08:13.734 [main] AirlineApplication - The following profiles are active: dev,prod
[INFO ] 2022-12-01 01:13:15.534 [main] AirlineApplication - Starting AirlineApplication using Java 17.0.2 on DESKTOP-NAIKK0B with PID 16724 (C:\Users\happy\Desktop\JM\Kata\PP\p_dp_airline_1\target\classes started by happy in C:\Users\happy\Desktop\JM\Kata\PP\p_dp_airline_1)
[INFO ] 2022-12-01 01:13:15.540 [main] AirlineApplication - The following profiles are active: dev,prod
[INFO ] 2022-12-01 01:17:20.206 [main] AirlineApplication - Starting AirlineApplication using Java 17.0.2 on DESKTOP-NAIKK0B with PID 13280 (C:\Users\happy\Desktop\JM\Kata\PP\p_dp_airline_1\target\classes started by happy in C:\Users\happy\Desktop\JM\Kata\PP\p_dp_airline_1)
[INFO ] 2022-12-01 01:17:20.211 [main] AirlineApplication - The following profiles are active: dev,prod
[INFO ] 2022-12-01 01:17:30.129 [main] AirlineApplication - Started AirlineApplication in 10.45 seconds (JVM running for 12.06)
[INFO ] 2022-12-01 01:19:15.759 [main] AirlineApplication - Starting AirlineApplication using Java 17.0.2 on DESKTOP-NAIKK0B with PID 5932 (C:\Users\happy\Desktop\JM\Kata\PP\p_dp_airline_1\target\classes started by happy in C:\Users\happy\Desktop\JM\Kata\PP\p_dp_airline_1)
[INFO ] 2022-12-01 01:19:15.765 [main] AirlineApplication - The following profiles are active: dev,prod
[INFO ] 2022-12-01 01:19:56.697 [main] AirlineApplication - Starting AirlineApplication using Java 17.0.2 on DESKTOP-NAIKK0B with PID 12032 (C:\Users\happy\Desktop\JM\Kata\PP\p_dp_airline_1\target\classes started by happy in C:\Users\happy\Desktop\JM\Kata\PP\p_dp_airline_1)
[INFO ] 2022-12-01 01:19:56.704 [main] AirlineApplication - The following profiles are active: dev,prod
[INFO ] 2022-12-01 01:20:09.375 [main] AirlineApplication - Started AirlineApplication in 13.351 seconds (JVM running for 15.185)
[INFO ] 2022-12-01 01:21:44.103 [main] AirlineApplication - Starting AirlineApplication using Java 17.0.2 on DESKTOP-NAIKK0B with PID 10764 (C:\Users\happy\Desktop\JM\Kata\PP\p_dp_airline_1\target\classes started by happy in C:\Users\happy\Desktop\JM\Kata\PP\p_dp_airline_1)
[INFO ] 2022-12-01 01:21:44.109 [main] AirlineApplication - The following profiles are active: dev,prod
[INFO ] 2022-12-01 01:22:14.415 [main] AirlineApplication - Starting AirlineApplication using Java 17.0.2 on DESKTOP-NAIKK0B with PID 4388 (C:\Users\happy\Desktop\JM\Kata\PP\p_dp_airline_1\target\classes started by happy in C:\Users\happy\Desktop\JM\Kata\PP\p_dp_airline_1)
[INFO ] 2022-12-01 01:22:14.420 [main] AirlineApplication - The following profiles are active: dev,prod
[INFO ] 2022-12-01 01:22:23.714 [main] AirlineApplication - Started AirlineApplication in 9.861 seconds (JVM running for 11.492)
[INFO ] 2022-12-01 01:23:08.491 [http-nio-8080-exec-7] MainController - index: logging example
[INFO ] 2022-12-01 01:27:04.965 [main] AirlineApplication - Starting AirlineApplication using Java 17.0.2 on DESKTOP-NAIKK0B with PID 13072 (C:\Users\happy\Desktop\JM\Kata\PP\p_dp_airline_1\target\classes started by happy in C:\Users\happy\Desktop\JM\Kata\PP\p_dp_airline_1)
[INFO ] 2022-12-01 01:27:04.971 [main] AirlineApplication - The following profiles are active: dev,prod
[INFO ] 2022-12-01 01:27:55.202 [main] AirlineApplication - Starting AirlineApplication using Java 17.0.2 on DESKTOP-NAIKK0B with PID 14992 (C:\Users\happy\Desktop\JM\Kata\PP\p_dp_airline_1\target\classes started by happy in C:\Users\happy\Desktop\JM\Kata\PP\p_dp_airline_1)
[INFO ] 2022-12-01 01:27:55.208 [main] AirlineApplication - The following profiles are active: dev,prod
[INFO ] 2022-12-01 01:34:03.393 [main] AirlineApplication - Starting AirlineApplication using Java 17.0.2 on DESKTOP-NAIKK0B with PID 7424 (C:\Users\happy\Desktop\JM\Kata\PP\p_dp_airline_1\target\classes started by happy in C:\Users\happy\Desktop\JM\Kata\PP\p_dp_airline_1)
[INFO ] 2022-12-01 01:34:03.400 [main] AirlineApplication - The following profiles are active: dev,prod
[INFO ] 2022-12-01 01:34:13.976 [main] AirlineApplication - Started AirlineApplication in 11.136 seconds (JVM running for 12.808)
[INFO ] 2022-12-01 01:35:47.187 [main] AirlineApplication - Starting AirlineApplication using Java 17.0.2 on DESKTOP-NAIKK0B with PID 11140 (C:\Users\happy\Desktop\JM\Kata\PP\p_dp_airline_1\target\classes started by happy in C:\Users\happy\Desktop\JM\Kata\PP\p_dp_airline_1)
[INFO ] 2022-12-01 01:35:47.192 [main] AirlineApplication - The following profiles are active: dev,prod
[INFO ] 2022-12-01 01:35:56.469 [main] AirlineApplication - Started AirlineApplication in 9.878 seconds (JVM running for 11.555)
[INFO ] 2022-12-01 01:37:08.527 [main] AirlineApplication - Starting AirlineApplication using Java 17.0.2 on DESKTOP-NAIKK0B with PID 13488 (C:\Users\happy\Desktop\JM\Kata\PP\p_dp_airline_1\target\classes started by happy in C:\Users\happy\Desktop\JM\Kata\PP\p_dp_airline_1)
[INFO ] 2022-12-01 01:37:08.533 [main] AirlineApplication - The following profiles are active: dev,prod
[INFO ] 2022-12-01 01:37:19.280 [main] AirlineApplication - Started AirlineApplication in 11.294 seconds (JVM running for 12.856)
[INFO ] 2022-12-01 01:38:40.417 [main] AirlineApplication - Starting AirlineApplication using Java 17.0.2 on DESKTOP-NAIKK0B with PID 16632 (C:\Users\happy\Desktop\JM\Kata\PP\p_dp_airline_1\target\classes started by happy in C:\Users\happy\Desktop\JM\Kata\PP\p_dp_airline_1)
[INFO ] 2022-12-01 01:38:40.458 [main] AirlineApplication - The following profiles are active: dev,prod
[INFO ] 2022-12-01 01:38:50.970 [main] AirlineApplication - Started AirlineApplication in 11.101 seconds (JVM running for 12.672)
[INFO ] 2022-12-01 01:39:42.234 [main] AirlineApplication - Starting AirlineApplication using Java 17.0.2 on DESKTOP-NAIKK0B with PID 12368 (C:\Users\happy\Desktop\JM\Kata\PP\p_dp_airline_1\target\classes started by happy in C:\Users\happy\Desktop\JM\Kata\PP\p_dp_airline_1)
[INFO ] 2022-12-01 01:39:42.239 [main] AirlineApplication - The following profiles are active: dev,prod
[INFO ] 2022-12-01 01:42:41.192 [main] AirlineApplication - Starting AirlineApplication using Java 17.0.2 on DESKTOP-NAIKK0B with PID 14276 (C:\Users\happy\Desktop\JM\Kata\PP\p_dp_airline_1\target\classes started by happy in C:\Users\happy\Desktop\JM\Kata\PP\p_dp_airline_1)
[INFO ] 2022-12-01 01:42:41.198 [main] AirlineApplication - The following profiles are active: dev,prod
[INFO ] 2022-12-01 01:43:20.539 [main] AirlineApplication - Starting AirlineApplication using Java 17.0.2 on DESKTOP-NAIKK0B with PID 16212 (C:\Users\happy\Desktop\JM\Kata\PP\p_dp_airline_1\target\classes started by happy in C:\Users\happy\Desktop\JM\Kata\PP\p_dp_airline_1)
[INFO ] 2022-12-01 01:43:20.544 [main] AirlineApplication - The following profiles are active: dev,prod
[INFO ] 2022-12-01 01:43:31.656 [main] AirlineApplication - Started AirlineApplication in 11.658 seconds (JVM running for 13.263)
[INFO ] 2022-12-01 01:53:03.894 [main] AirlineApplication - Starting AirlineApplication using Java 17.0.2 on DESKTOP-NAIKK0B with PID 6972 (C:\Users\happy\Desktop\JM\Kata\PP\p_dp_airline_1\target\classes started by happy in C:\Users\happy\Desktop\JM\Kata\PP\p_dp_airline_1)
[INFO ] 2022-12-01 01:53:03.900 [main] AirlineApplication - The following profiles are active: dev,prod
[INFO ] 2022-12-01 01:53:14.190 [main] AirlineApplication - Started AirlineApplication in 10.978 seconds (JVM running for 12.883)
[INFO ] 2022-12-01 14:24:26.110 [main] AirlineApplication - Starting AirlineApplication using Java 17.0.2 on DESKTOP-NAIKK0B with PID 1296 (C:\Users\happy\Desktop\JM\Kata\PP\p_dp_airline_1\target\classes started by happy in C:\Users\happy\Desktop\JM\Kata\PP\p_dp_airline_1)
[INFO ] 2022-12-01 14:24:26.118 [main] AirlineApplication - The following profiles are active: dev,prod
[INFO ] 2022-12-01 14:24:39.222 [main] AirlineApplication - Started AirlineApplication in 13.705 seconds (JVM running for 22.617)
[INFO ] 2022-12-01 14:35:47.806 [main] AirlineApplication - Starting AirlineApplication using Java 17.0.2 on DESKTOP-NAIKK0B with PID 17536 (C:\Users\happy\Desktop\JM\Kata\PP\p_dp_airline_1\target\classes started by happy in C:\Users\happy\Desktop\JM\Kata\PP\p_dp_airline_1)
[INFO ] 2022-12-01 14:35:47.812 [main] AirlineApplication - The following profiles are active: dev,prod
[INFO ] 2022-12-01 14:35:57.399 [main] AirlineApplication - Started AirlineApplication in 10.098 seconds (JVM running for 11.647)
[INFO ] 2022-12-01 20:31:39.467 [main] AirlineApplication - Starting AirlineApplication using Java 17.0.2 on DESKTOP-NAIKK0B with PID 13088 (C:\Users\happy\Desktop\JM\Kata\PP\p_dp_airline_1\target\classes started by happy in C:\Users\happy\Desktop\JM\Kata\PP\p_dp_airline_1)
[INFO ] 2022-12-01 20:31:39.473 [main] AirlineApplication - The following profiles are active: dev,prod
[INFO ] 2022-12-01 20:31:48.062 [main] AirlineApplication - Started AirlineApplication in 9.161 seconds (JVM running for 10.974)
[INFO ] 2022-12-01 20:46:29.640 [main] AirlineApplication - Starting AirlineApplication using Java 17.0.2 on DESKTOP-NAIKK0B with PID 7816 (C:\Users\happy\Desktop\JM\Kata\PP\p_dp_airline_1\target\classes started by happy in C:\Users\happy\Desktop\JM\Kata\PP\p_dp_airline_1)
[INFO ] 2022-12-01 20:46:29.644 [main] AirlineApplication - The following profiles are active: dev,prod
[INFO ] 2022-12-01 20:50:06.455 [main] AirlineApplication - Starting AirlineApplication using Java 17.0.2 on DESKTOP-NAIKK0B with PID 18328 (C:\Users\happy\Desktop\JM\Kata\PP\p_dp_airline_1\target\classes started by happy in C:\Users\happy\Desktop\JM\Kata\PP\p_dp_airline_1)
[INFO ] 2022-12-01 20:50:06.460 [main] AirlineApplication - The following profiles are active: dev,prod
[INFO ] 2022-12-01 20:50:13.295 [main] AirlineApplication - Started AirlineApplication in 7.157 seconds (JVM running for 11.847)
[INFO ] 2022-12-01 21:05:47.833 [main] AirlineApplication - Starting AirlineApplication using Java 17.0.2 on DESKTOP-NAIKK0B with PID 17692 (C:\Users\happy\Desktop\JM\Kata\PP\p_dp_airline_1\target\classes started by happy in C:\Users\happy\Desktop\JM\Kata\PP\p_dp_airline_1)
[INFO ] 2022-12-01 21:05:47.838 [main] AirlineApplication - The following profiles are active: dev,prod
[INFO ] 2022-12-01 21:14:09.502 [main] AirlineApplication - Starting AirlineApplication using Java 17.0.2 on DESKTOP-NAIKK0B with PID 11824 (C:\Users\happy\Desktop\JM\Kata\PP\p_dp_airline_1\target\classes started by happy in C:\Users\happy\Desktop\JM\Kata\PP\p_dp_airline_1)
[INFO ] 2022-12-01 21:14:09.507 [main] AirlineApplication - The following profiles are active: dev,prod
[INFO ] 2022-12-01 21:14:51.061 [main] AirlineApplication - Starting AirlineApplication using Java 17.0.2 on DESKTOP-NAIKK0B with PID 768 (C:\Users\happy\Desktop\JM\Kata\PP\p_dp_airline_1\target\classes started by happy in C:\Users\happy\Desktop\JM\Kata\PP\p_dp_airline_1)
[INFO ] 2022-12-01 21:14:51.065 [main] AirlineApplication - The following profiles are active: dev,prod
[INFO ] 2022-12-01 21:16:57.686 [main] AirlineApplication - Starting AirlineApplication using Java 17.0.2 on DESKTOP-NAIKK0B with PID 17080 (C:\Users\happy\Desktop\JM\Kata\PP\p_dp_airline_1\target\classes started by happy in C:\Users\happy\Desktop\JM\Kata\PP\p_dp_airline_1)
[INFO ] 2022-12-01 21:16:57.691 [main] AirlineApplication - The following profiles are active: dev,prod
[INFO ] 2022-12-01 21:18:36.373 [main] AirlineApplication - Starting AirlineApplication using Java 17.0.2 on DESKTOP-NAIKK0B with PID 13424 (C:\Users\happy\Desktop\JM\Kata\PP\p_dp_airline_1\target\classes started by happy in C:\Users\happy\Desktop\JM\Kata\PP\p_dp_airline_1)
[INFO ] 2022-12-01 21:18:36.378 [main] AirlineApplication - The following profiles are active: dev,prod
[INFO ] 2022-12-01 21:18:42.754 [main] AirlineApplication - Started AirlineApplication in 6.808 seconds (JVM running for 8.048)
[INFO ] 2022-12-01 21:43:25.083 [main] AirlineApplication - Starting AirlineApplication using Java 17.0.2 on DESKTOP-NAIKK0B with PID 6472 (C:\Users\happy\Desktop\JM\Kata\PP\p_dp_airline_1\target\classes started by happy in C:\Users\happy\Desktop\JM\Kata\PP\p_dp_airline_1)
[INFO ] 2022-12-01 21:43:25.087 [main] AirlineApplication - The following profiles are active: dev,prod
[INFO ] 2022-12-01 21:43:31.594 [main] AirlineApplication - Started AirlineApplication in 6.922 seconds (JVM running for 8.299)
[INFO ] 2022-12-01 22:03:08.262 [main] AirlineApplication - Starting AirlineApplication using Java 17.0.2 on DESKTOP-NAIKK0B with PID 14712 (C:\Users\happy\Desktop\JM\Kata\PP\p_dp_airline_1\target\classes started by happy in C:\Users\happy\Desktop\JM\Kata\PP\p_dp_airline_1)
[INFO ] 2022-12-01 22:03:08.267 [main] AirlineApplication - The following profiles are active: dev,prod
[INFO ] 2022-12-01 22:04:42.115 [main] AirlineApplication - Starting AirlineApplication using Java 17.0.2 on DESKTOP-NAIKK0B with PID 16952 (C:\Users\happy\Desktop\JM\Kata\PP\p_dp_airline_1\target\classes started by happy in C:\Users\happy\Desktop\JM\Kata\PP\p_dp_airline_1)
[INFO ] 2022-12-01 22:04:42.119 [main] AirlineApplication - The following profiles are active: dev,prod
[INFO ] 2022-12-01 22:04:49.729 [main] AirlineApplication - Started AirlineApplication in 8.025 seconds (JVM running for 9.272)
[INFO ] 2022-12-02 12:07:43.637 [main] AirlineApplication - Starting AirlineApplication using Java 17.0.2 on DESKTOP-NAIKK0B with PID 15556 (C:\Users\happy\Desktop\JM\Kata\PP\p_dp_airline_1\target\classes started by happy in C:\Users\happy\Desktop\JM\Kata\PP\p_dp_airline_1)
[INFO ] 2022-12-02 12:07:43.644 [main] AirlineApplication - The following profiles are active: dev,prod
[INFO ] 2022-12-02 12:07:58.982 [main] AirlineApplication - Started AirlineApplication in 16.028 seconds (JVM running for 25.119)
[INFO ] 2022-12-02 12:09:40.397 [main] AirlineApplication - Starting AirlineApplication using Java 17.0.2 on DESKTOP-NAIKK0B with PID 15632 (C:\Users\happy\Desktop\JM\Kata\PP\p_dp_airline_1\target\classes started by happy in C:\Users\happy\Desktop\JM\Kata\PP\p_dp_airline_1)
[INFO ] 2022-12-02 12:09:40.404 [main] AirlineApplication - The following profiles are active: dev,prod
[INFO ] 2022-12-02 12:09:50.647 [main] AirlineApplication - Started AirlineApplication in 10.864 seconds (JVM running for 12.482)
